[2020-03-07T20:25:30.366] [DEBUG] cheese - login => username:zhangsan,password:123456
[2020-03-07T20:25:30.373] [DEBUG] cheese - zhangsan
[2020-03-07T20:25:30.451] [DEBUG] cheese - { inspect: [Function: inspect] }
[2020-03-07T20:25:30.455] [DEBUG] cheese - 查询失败
[2020-03-10T11:54:34.261] [DEBUG] cheese - login => username:asd,password:zxczcz
[2020-03-10T11:54:34.263] [DEBUG] cheese - asd
[2020-03-10T11:54:34.300] [DEBUG] cheese - { inspect: [Function: inspect] }
[2020-03-10T11:54:34.302] [DEBUG] cheese - 查询失败
[2020-03-10T11:56:20.801] [DEBUG] cheese - login => username:asdad,password:asdada
[2020-03-10T11:56:20.801] [DEBUG] cheese - asdad
[2020-03-10T11:56:20.806] [DEBUG] cheese - { inspect: [Function: inspect] }
[2020-03-10T11:56:20.806] [DEBUG] cheese - 查询失败
[2020-03-10T11:58:33.052] [DEBUG] cheese - login => username:asda,password:adadaasd
[2020-03-10T11:58:33.052] [DEBUG] cheese - asda
[2020-03-10T11:58:33.056] [DEBUG] cheese - { inspect: [Function: inspect] }
[2020-03-10T11:58:33.057] [DEBUG] cheese - 查询失败
[2020-03-10T12:01:28.992] [DEBUG] cheese - login => username:asdadas,password:asdadasdadas
[2020-03-10T12:01:28.993] [DEBUG] cheese - asdadas
[2020-03-10T12:01:28.996] [DEBUG] cheese - { inspect: [Function: inspect] }
[2020-03-10T12:01:28.996] [DEBUG] cheese - 查询失败
[2020-03-10T12:08:55.174] [DEBUG] cheese - login => username:asdasa,password:asdasdad
[2020-03-10T12:08:55.174] [DEBUG] cheese - asdasa
[2020-03-10T12:08:55.179] [DEBUG] cheese - { inspect: [Function: inspect] }
[2020-03-10T12:08:55.179] [DEBUG] cheese - 查询失败
[2020-03-10T12:48:01.547] [DEBUG] cheese - login => username:admin,password:123456
[2020-03-10T12:48:01.547] [DEBUG] cheese - admin
[2020-03-10T12:48:01.550] [DEBUG] cheese - { inspect: [Function: inspect] }
[2020-03-10T12:48:01.551] [DEBUG] cheese - 查询失败
[2020-03-10T13:08:37.594] [DEBUG] cheese - login => username:admin,password:123456
[2020-03-10T13:08:37.595] [DEBUG] cheese - admin
[2020-03-10T13:08:37.604] [DEBUG] cheese - null
[2020-03-10T13:08:37.604] [DEBUG] cheese - null
[2020-03-10T13:13:24.700] [DEBUG] cheese - login => username:admin,password:123456
[2020-03-10T13:13:24.701] [DEBUG] cheese - admin
[2020-03-10T13:13:24.703] [DEBUG] cheese - null
[2020-03-10T13:13:24.704] [DEBUG] cheese - null
[2020-03-10T13:38:37.549] [DEBUG] cheese - login => username:admin,password:123456
[2020-03-10T13:38:37.549] [DEBUG] cheese - admin
[2020-03-10T13:38:37.553] [DEBUG] cheese - null
[2020-03-10T13:38:37.553] [DEBUG] cheese - null
[2020-03-10T14:17:27.941] [DEBUG] cheese - login => username:admin,password:123456
[2020-03-10T14:17:27.941] [DEBUG] cheese - admin
[2020-03-10T14:17:27.944] [DEBUG] cheese - null
[2020-03-10T14:17:27.945] [DEBUG] cheese - null
[2020-03-10T14:20:01.603] [DEBUG] cheese - login => username:asdad,password:asdadad
[2020-03-10T14:20:01.603] [DEBUG] cheese - asdad
[2020-03-10T14:20:01.607] [DEBUG] cheese - null
[2020-03-10T14:20:01.607] [DEBUG] cheese - null
[2020-03-10T14:31:32.836] [DEBUG] cheese - login => username:asdad,password:asdadad
[2020-03-10T14:31:32.836] [DEBUG] cheese - asdad
[2020-03-10T14:31:32.839] [DEBUG] cheese - null
[2020-03-10T14:31:32.839] [DEBUG] cheese - null
[2020-03-10T14:31:42.134] [DEBUG] cheese - login => username:admin,password:123456
[2020-03-10T14:31:42.134] [DEBUG] cheese - admin
[2020-03-10T14:31:42.137] [DEBUG] cheese - null
[2020-03-10T14:31:42.137] [DEBUG] cheese - null
[2020-03-10T14:34:24.741] [DEBUG] cheese - login => username:admin,password:123456
[2020-03-10T14:34:24.741] [DEBUG] cheese - admin
[2020-03-10T14:34:24.747] [DEBUG] cheese - null
[2020-03-10T14:34:24.747] [DEBUG] cheese - null
[2020-03-11T11:39:15.008] [DEBUG] cheese - login => username:admin,password:123456
[2020-03-11T11:39:15.012] [DEBUG] cheese - admin
[2020-03-11T11:39:15.037] [DEBUG] cheese - null
[2020-03-11T11:39:15.037] [DEBUG] cheese - null
[2020-03-11T11:49:30.448] [DEBUG] cheese - login => username:admin,password:123456
[2020-03-11T11:49:30.449] [DEBUG] cheese - admin
[2020-03-11T11:49:30.452] [DEBUG] cheese - null
[2020-03-11T11:49:30.453] [DEBUG] cheese - null
[2020-03-11T11:50:05.587] [DEBUG] cheese - login => username:admin,password:123456
[2020-03-11T11:50:05.587] [DEBUG] cheese - admin
[2020-03-11T11:50:05.590] [DEBUG] cheese - null
[2020-03-11T11:50:05.590] [DEBUG] cheese - null
[2020-03-11T11:52:05.845] [DEBUG] cheese - login => username:admin,password:123456
[2020-03-11T11:52:05.845] [DEBUG] cheese - admin
[2020-03-11T11:52:05.849] [DEBUG] cheese - null
[2020-03-11T11:52:05.849] [DEBUG] cheese - null
[2020-03-11T11:56:16.891] [DEBUG] cheese - login => username:admin,password:123456
[2020-03-11T11:56:16.891] [DEBUG] cheese - admin
[2020-03-11T11:56:16.895] [DEBUG] cheese - null
[2020-03-11T11:56:16.895] [DEBUG] cheese - null
[2020-03-11T12:00:50.625] [DEBUG] cheese - login => username:admin,password:123456
[2020-03-11T12:00:50.626] [DEBUG] cheese - admin
[2020-03-11T12:00:50.628] [DEBUG] cheese - null
[2020-03-11T12:00:50.629] [DEBUG] cheese - null
[2020-03-12T20:59:14.658] [DEBUG] cheese - login => username:admin,password:123456
[2020-03-12T20:59:14.662] [DEBUG] cheese - admin
[2020-03-12T20:59:14.687] [DEBUG] cheese - null
[2020-03-12T20:59:14.688] [DEBUG] cheese - null
[2020-03-13T12:26:03.147] [DEBUG] cheese - login => username:admin,password:123456
[2020-03-13T12:26:03.149] [DEBUG] cheese - admin
[2020-03-13T12:26:03.170] [DEBUG] cheese - null
[2020-03-13T12:26:03.171] [DEBUG] cheese - null
[2020-03-15T21:47:13.149] [DEBUG] cheese - login => username:admin,password:123456
[2020-03-15T21:47:13.151] [DEBUG] cheese - admin
[2020-03-15T21:47:13.186] [DEBUG] cheese - null
[2020-03-15T21:47:13.186] [DEBUG] cheese - null
[2020-03-17T21:33:57.994] [DEBUG] cheese - login => username:admin,password:123456
[2020-03-17T21:33:57.996] [DEBUG] cheese - admin
[2020-03-17T21:33:59.033] [DEBUG] cheese - null
[2020-03-17T21:33:59.034] [DEBUG] cheese - null
[2020-03-19T16:23:20.706] [DEBUG] cheese - login => username:admin,password:123456
[2020-03-19T16:23:20.708] [DEBUG] cheese - admin
[2020-03-19T16:23:20.827] [DEBUG] cheese - null
[2020-03-19T16:23:20.828] [DEBUG] cheese - null
[2020-03-19T23:47:30.176] [DEBUG] cheese - null
[2020-03-19T23:56:09.877] [DEBUG] cheese - null
[2020-03-19T23:56:30.286] [DEBUG] cheese - null
[2020-03-19T23:56:54.064] [DEBUG] cheese - null
[2020-03-19T23:56:56.787] [DEBUG] cheese - null
[2020-03-19T23:56:59.638] [DEBUG] cheese - null
[2020-03-19T23:57:22.748] [DEBUG] cheese - null
[2020-03-19T23:59:01.985] [DEBUG] cheese - null
[2020-03-19T23:59:04.179] [DEBUG] cheese - null
[2020-03-19T23:59:06.785] [DEBUG] cheese - null
[2020-03-19T23:59:09.236] [DEBUG] cheese - null
[2020-03-20T14:17:01.964] [DEBUG] cheese - login => username:admin,password:123456
[2020-03-20T14:17:01.967] [DEBUG] cheese - admin
[2020-03-20T14:17:01.985] [DEBUG] cheese - null
[2020-03-20T14:17:01.986] [DEBUG] cheese - null
[2020-03-21T14:33:33.637] [DEBUG] cheese - login => username:admin,password:123456
[2020-03-21T14:33:33.639] [DEBUG] cheese - admin
[2020-03-21T14:33:33.785] [DEBUG] cheese - null
[2020-03-21T14:33:33.786] [DEBUG] cheese - null
[2020-03-22T18:22:02.868] [DEBUG] cheese - login => username:admin,password:123456
[2020-03-22T18:22:02.871] [DEBUG] cheese - admin
[2020-03-22T18:22:03.183] [DEBUG] cheese - null
[2020-03-22T18:22:03.183] [DEBUG] cheese - null
[2020-03-23T13:42:15.883] [DEBUG] cheese - login => username:admin,password:123456
[2020-03-23T13:42:15.902] [DEBUG] cheese - admin
[2020-03-23T13:42:16.081] [DEBUG] cheese - null
[2020-03-23T13:42:16.081] [DEBUG] cheese - null
[2020-03-23T15:10:24.358] [DEBUG] cheese - login => username:admin,password:123456
[2020-03-23T15:10:24.361] [DEBUG] cheese - admin
[2020-03-23T15:10:24.425] [DEBUG] cheese - null
[2020-03-23T15:10:24.426] [DEBUG] cheese - null
[2020-03-23T22:34:36.835] [DEBUG] cheese - login => username:admin,password:123456
[2020-03-23T22:34:36.838] [DEBUG] cheese - admin
[2020-03-23T22:34:36.844] [DEBUG] cheese - null
[2020-03-23T22:34:36.844] [DEBUG] cheese - null
[2020-03-24T20:42:14.929] [DEBUG] cheese - login => username:admin,password:123456
[2020-03-24T20:42:14.931] [DEBUG] cheese - admin
[2020-03-24T20:42:15.007] [DEBUG] cheese - null
[2020-03-24T20:42:15.007] [DEBUG] cheese - null
[2020-03-25T18:07:03.641] [DEBUG] cheese - login => username:admin,password:123456
[2020-03-25T18:07:03.643] [DEBUG] cheese - admin
[2020-03-25T18:07:03.696] [DEBUG] cheese - null
[2020-03-25T18:07:03.697] [DEBUG] cheese - null
[2020-03-25T22:24:51.410] [DEBUG] cheese - null
[2020-03-26T15:00:41.889] [DEBUG] cheese - login => username:admin,password:123456
[2020-03-26T15:00:41.892] [DEBUG] cheese - admin
[2020-03-26T15:00:41.956] [DEBUG] cheese - null
[2020-03-26T15:00:41.957] [DEBUG] cheese - null
[2020-03-26T23:41:20.782] [DEBUG] cheese - login => username:admin,password:123456
[2020-03-26T23:41:20.785] [DEBUG] cheese - admin
[2020-03-26T23:41:20.869] [DEBUG] cheese - null
[2020-03-26T23:41:20.869] [DEBUG] cheese - null
[2020-03-27T17:57:20.601] [DEBUG] cheese - login => username:admin,password:123456
[2020-03-27T17:57:20.603] [DEBUG] cheese - admin
[2020-03-27T17:57:20.622] [DEBUG] cheese - null
[2020-03-27T17:57:20.623] [DEBUG] cheese - null
